2021-02-08T19:33:00.241213+0800 | HONGBAO | __main__; - 抢到礼物立即自动赠送[开启] (火箭、飞机除外)
2021-02-08T19:33:00.242189+0800 | HONGBAO | __main__; - 红包的记录文件: C:\Users\84415.DESKTOP-9QA18G6\Desktop\temp\dyTool\hongbaoTool\xijie\hongbao.log
2021-02-08T19:33:00.243185+0800 | HONGBAO | __main__; - 格式: unix时间 房间名 房间号 礼物名
2021-02-08T19:33:00.248172+0800 | INFO | douyu_login.loginByQrcode; - 存在 cookie_douyu.txt，加载中... 
2021-02-08T19:33:00.250167+0800 | INFO | douyu_login.loginByQrcode; - 验证&&获取csrf...
2021-02-08T19:33:01.006961+0800 | SUCCESS | douyu_login.loginByQrcode; - 验证&&获取csrf，成功！
2021-02-08T19:33:01.010914+0800 | INFO | douyu_login.loginByQrcode; - 保存cookie -> cookie_douyu.txt
2021-02-08T19:33:01.014898+0800 | SUCCESS | douyu_login.loginByQrcode; - 保存cookie -> cookie_douyu.txt 成功!
2021-02-08T19:33:01.017915+0800 | SUCCESS | __main__; - cookie有效.
2021-02-08T19:33:01.018888+0800 | INFO | douyu_login.loginByQrcode; - 存在 cookie_douyu.txt，加载中... 
2021-02-08T19:33:01.019906+0800 | SUCCESS | __main__; - 账号: 细节打败爱情564(369141743)
2021-02-08T19:33:02.065540+0800 | INFO | __main__; - 获取关注列表成功 关注主播数量为25个
2021-02-08T19:33:02.069500+0800 | INFO | __main__; - 服务健康检查...
2021-02-08T19:33:02.072492+0800 | INFO | __main__; - 检查内容: ['MainThread', 'loguru-writer-2', 'loguru-writer-3', 'HongBao-qiang', 'HongBao-do'] [<gethongbao.HongBao object at 0x00000283D5FE0668> False] [<gethongbao.QiangHongBao object at 0x00000283D5FF64A8> False]
2021-02-08T19:33:04.492583+0800 | SUCCESS | threading; - 红包监控中..
2021-02-09T11:09:36.992623+0800 | HONGBAO | __main__; - 抢到礼物立即自动赠送[开启] (火箭、飞机除外)
2021-02-09T11:09:36.994583+0800 | HONGBAO | __main__; - 红包的记录文件: C:\Users\84415.DESKTOP-9QA18G6\Desktop\temp\dyTool\hongbaoTool\xijie\hongbao.log
2021-02-09T11:09:36.995798+0800 | HONGBAO | __main__; - 格式: unix时间 房间名 房间号 礼物名
2021-02-09T11:09:36.998572+0800 | INFO | douyu_login.loginByQrcode; - 存在 cookie_douyu.txt，加载中... 
2021-02-09T11:09:37.000567+0800 | INFO | douyu_login.loginByQrcode; - 验证&&获取csrf...
2021-02-09T11:09:44.949172+0800 | SUCCESS | douyu_login.loginByQrcode; - 验证&&获取csrf，成功！
2021-02-09T11:09:44.951068+0800 | INFO | douyu_login.loginByQrcode; - 保存cookie -> cookie_douyu.txt
2021-02-09T11:09:44.953062+0800 | SUCCESS | douyu_login.loginByQrcode; - 保存cookie -> cookie_douyu.txt 成功!
2021-02-09T11:09:44.956055+0800 | SUCCESS | __main__; - cookie有效.
2021-02-09T11:09:44.957051+0800 | INFO | douyu_login.loginByQrcode; - 存在 cookie_douyu.txt，加载中... 
2021-02-09T11:09:44.959048+0800 | SUCCESS | __main__; - 账号: 细节打败爱情564(369141743)
2021-02-09T11:09:45.534379+0800 | INFO | __main__; - 获取关注列表成功 关注主播数量为25个
2021-02-09T11:09:45.538380+0800 | INFO | __main__; - 服务健康检查...
2021-02-09T11:09:45.541360+0800 | INFO | __main__; - 检查内容: ['MainThread', 'loguru-writer-2', 'loguru-writer-3', 'HongBao-qiang', 'HongBao-do'] [<gethongbao.HongBao object at 0x000001EE041C4EB8> False] [<gethongbao.QiangHongBao object at 0x000001EE041E2AC8> False]
2021-02-09T11:09:49.911152+0800 | SUCCESS | threading; - 红包监控中..
