2021-02-08T19:33:00.283108+0800 | HONGBAO | __main__; - 抢到礼物立即自动赠送[开启] (火箭、飞机除外)
2021-02-08T19:33:00.284077+0800 | HONGBAO | __main__; - 红包的记录文件: C:\Users\84415.DESKTOP-9QA18G6\Desktop\temp\dyTool\hongbaoTool\shimmerjordan\hongbao.log
2021-02-08T19:33:00.285074+0800 | HONGBAO | __main__; - 格式: unix时间 房间名 房间号 礼物名
2021-02-08T19:33:00.289063+0800 | INFO | douyu_login.loginByQrcode; - 存在 cookie_douyu.txt，加载中... 
2021-02-08T19:33:00.291058+0800 | INFO | douyu_login.loginByQrcode; - 验证&&获取csrf...
2021-02-08T19:33:01.044850+0800 | ERROR | douyu_login.loginByQrcode; - 错误提示：{'error': -99, 'msg': '请先登录', 'url': '/member/login?ref_url=https%3A%2F%2Fwww.douyu.com%2Fcurl%2FcsrfApi%2FgetCsrfCookie'}
2021-02-08T19:33:01.046814+0800 | ERROR | douyu_login.loginByQrcode; - 测试签到出错, 请更新查看错误提示，是否更新cookie_douyu!
2021-02-08T19:33:01.048808+0800 | INFO | douyu_login.loginByQrcode; - 续期cookie...
2021-02-08T19:33:03.631921+0800 | SUCCESS | douyu_login.loginByQrcode; - 续期cookie，成功！
2021-02-08T19:33:03.634876+0800 | INFO | douyu_login.loginByQrcode; - 保存cookie -> cookie_douyu.txt
2021-02-08T19:33:03.641890+0800 | SUCCESS | douyu_login.loginByQrcode; - 保存cookie -> cookie_douyu.txt 成功!
2021-02-08T19:33:03.646845+0800 | SUCCESS | __main__; - cookie更新成功.
2021-02-08T19:33:03.647878+0800 | INFO | douyu_login.loginByQrcode; - 存在 cookie_douyu.txt，加载中... 
2021-02-08T19:33:03.649837+0800 | INFO | douyu_login.loginByQrcode; - 验证&&获取csrf...
2021-02-08T19:33:04.337001+0800 | SUCCESS | douyu_login.loginByQrcode; - 验证&&获取csrf，成功！
2021-02-08T19:33:04.342029+0800 | INFO | douyu_login.loginByQrcode; - 保存cookie -> cookie_douyu.txt
2021-02-08T19:33:04.349003+0800 | SUCCESS | douyu_login.loginByQrcode; - 保存cookie -> cookie_douyu.txt 成功!
2021-02-08T19:33:04.354951+0800 | SUCCESS | __main__; - cookie有效.
2021-02-08T19:33:04.356946+0800 | INFO | douyu_login.loginByQrcode; - 存在 cookie_douyu.txt，加载中... 
2021-02-08T19:33:04.357943+0800 | SUCCESS | __main__; - 账号: shimmerjordan(171771138)
2021-02-08T19:33:05.219154+0800 | INFO | __main__; - 获取关注列表成功 关注主播数量为43个
2021-02-08T19:33:05.221149+0800 | INFO | __main__; - 服务健康检查...
2021-02-08T19:33:05.225138+0800 | INFO | __main__; - 检查内容: ['MainThread', 'loguru-writer-2', 'loguru-writer-3', 'HongBao-qiang', 'HongBao-do'] [<gethongbao.HongBao object at 0x00000228E7487E10> False] [<gethongbao.QiangHongBao object at 0x00000228E74B50F0> False]
2021-02-09T11:09:37.173108+0800 | HONGBAO | __main__; - 抢到礼物立即自动赠送[开启] (火箭、飞机除外)
2021-02-09T11:09:37.175101+0800 | HONGBAO | __main__; - 红包的记录文件: C:\Users\84415.DESKTOP-9QA18G6\Desktop\temp\dyTool\hongbaoTool\shimmerjordan\hongbao.log
2021-02-09T11:09:37.176099+0800 | HONGBAO | __main__; - 格式: unix时间 房间名 房间号 礼物名
2021-02-09T11:09:37.182082+0800 | INFO | douyu_login.loginByQrcode; - 存在 cookie_douyu.txt，加载中... 
2021-02-09T11:09:37.192054+0800 | INFO | douyu_login.loginByQrcode; - 验证&&获取csrf...
2021-02-09T11:09:45.268900+0800 | SUCCESS | douyu_login.loginByQrcode; - 验证&&获取csrf，成功！
2021-02-09T11:09:45.270865+0800 | INFO | douyu_login.loginByQrcode; - 保存cookie -> cookie_douyu.txt
2021-02-09T11:09:45.274854+0800 | SUCCESS | douyu_login.loginByQrcode; - 保存cookie -> cookie_douyu.txt 成功!
2021-02-09T11:09:45.277846+0800 | SUCCESS | __main__; - cookie有效.
2021-02-09T11:09:45.278843+0800 | INFO | douyu_login.loginByQrcode; - 存在 cookie_douyu.txt，加载中... 
2021-02-09T11:09:45.280838+0800 | SUCCESS | __main__; - 账号: shimmerjordan(171771138)
2021-02-09T11:09:47.133149+0800 | INFO | __main__; - 获取关注列表成功 关注主播数量为43个
2021-02-09T11:09:47.136138+0800 | INFO | __main__; - 服务健康检查...
2021-02-09T11:09:47.139105+0800 | INFO | __main__; - 检查内容: ['MainThread', 'loguru-writer-2', 'loguru-writer-3', 'HongBao-qiang', 'HongBao-do'] [<gethongbao.HongBao object at 0x0000026B2782D8D0> False] [<gethongbao.QiangHongBao object at 0x0000026B27B536A0> False]
2021-02-09T11:09:51.101726+0800 | SUCCESS | threading; - 红包监控中..
